<?xml version="1.0" encoding="UTF-8"?>
<!-- Generated by org.testng.reporters.JUnitReportReporter -->
<testsuite hostname="Hari-Priya" failures="0" tests="1" name="vtigerFinalScripts.CreateContactWithOrgTest" time="20.861" errors="0" timestamp="2023-08-24T12:32:17 IST" skipped="0">
  <testcase classname="vtigerFinalScripts.CreateContactWithOrgTest" name="createContactWithOrgTest" time="20.861"/>
</testsuite> <!-- vtigerFinalScripts.CreateContactWithOrgTest -->
