<?xml version="1.0" encoding="UTF-8"?>
<!-- Generated by org.testng.reporters.JUnitReportReporter -->
<testsuite hostname="Hari-Priya" failures="0" tests="1" name="vtigerFinalScripts.CreateOrganizationTest" time="10.568" errors="0" timestamp="2023-08-24T12:31:15 IST" skipped="0">
  <testcase classname="vtigerFinalScripts.CreateOrganizationTest" name="createOrgTest" time="10.568"/>
</testsuite> <!-- vtigerFinalScripts.CreateOrganizationTest -->
