<?xml version="1.0" encoding="UTF-8"?>
<!-- Generated by org.testng.reporters.JUnitReportReporter -->
<testsuite hostname="Hari-Priya" failures="0" tests="1" name="vtigerFinalScripts.CreateContactTest" time="9.992" errors="0" timestamp="2023-08-24T12:32:51 IST" skipped="0">
  <testcase classname="vtigerFinalScripts.CreateContactTest" name="createContactTest" time="9.992"/>
</testsuite> <!-- vtigerFinalScripts.CreateContactTest -->
